  tile.cpp
  scene3d.cpp
c:\users\gsp028\desktop\授業\プログラム\visual_studio_2015\projects\2年\c++\game creation practice\チーム制作\1回目\ステージエディタ\3dtpsc++\scene3d.cpp(124): warning C4018: '<': signed と unsigned の数値を比較しようとしました。
  scene2d.cpp
  scene.cpp
  renderer.cpp
  model.cpp
c:\users\gsp028\desktop\授業\プログラム\visual_studio_2015\projects\2年\c++\game creation practice\チーム制作\1回目\ステージエディタ\3dtpsc++\model.cpp(94): warning C4018: '<': signed と unsigned の数値を比較しようとしました。
c:\users\gsp028\desktop\授業\プログラム\visual_studio_2015\projects\2年\c++\game creation practice\チーム制作\1回目\ステージエディタ\3dtpsc++\model.cpp(145): warning C4018: '<': signed と unsigned の数値を比較しようとしました。
  mode.cpp
  manager.cpp
  main.cpp
  light.cpp
  library.cpp
  input.cpp
  game.cpp
  field.cpp
c:\users\gsp028\desktop\授業\プログラム\visual_studio_2015\projects\2年\c++\game creation practice\チーム制作\1回目\ステージエディタ\3dtpsc++\field.cpp(117): warning C4244: '初期化中': 'float' から 'int' への変換です。データが失われる可能性があります。
  fade.cpp
  enemy.cpp
  effect3d.cpp
  createstage.cpp
  camera.cpp
c:\users\gsp028\desktop\授業\プログラム\visual_studio_2015\projects\2年\c++\game creation practice\チーム制作\1回目\ステージエディタ\3dtpsc++\camera.cpp(64): warning C4244: '引数': 'LONG' から 'FLOAT' への変換です。データが失われる可能性があります。
c:\users\gsp028\desktop\授業\プログラム\visual_studio_2015\projects\2年\c++\game creation practice\チーム制作\1回目\ステージエディタ\3dtpsc++\camera.cpp(93): warning C4244: '引数': 'LONG' から 'FLOAT' への変換です。データが失われる可能性があります。
  block.cpp
  コードを生成中...
  コンパイル中...
  billboard.cpp
  コードを生成中...
  LINK : 前回のインクリメンタル リンクで C:\Users\gsp028\Desktop\授業\プログラム\Visual_Studio_2015\Projects\2年\C++\Game Creation Practice\チーム制作\1回目\ステージエディタ\Debug\3dTPSc++.exe が見つからなかったか、ビルドされませんでした。フル リンクを行います。
  3dTPSc++.vcxproj -> C:\Users\gsp028\Desktop\授業\プログラム\Visual_Studio_2015\Projects\2年\C++\Game Creation Practice\チーム制作\1回目\ステージエディタ\Debug\3dTPSc++.exe
  3dTPSc++.vcxproj -> C:\Users\gsp028\Desktop\授業\プログラム\Visual_Studio_2015\Projects\2年\C++\Game Creation Practice\チーム制作\1回目\ステージエディタ\Debug\3dTPSc++.pdb (Full PDB)
